This is pdfTeX, Version 3.1415926-2.3-1.40.12 (MiKTeX 2.9) (preloaded format=pdflatex 2014.10.13)  14 FEB 2015 15:45
entering extended mode
**FTP-CCCG.tex
(F:\Ehsan\Desktop\elsarticle\CCCG\FTP-CCCG.tex
LaTeX2e <2009/09/24>
Babel <v3.8l> and hyphenation patterns for english, afrikaans, ancientgreek, ar
abic, armenian, assamese, basque, bengali, bokmal, bulgarian, catalan, coptic, 
croatian, czech, danish, dutch, esperanto, estonian, farsi, finnish, french, ga
lician, german, german-x-2009-06-19, greek, gujarati, hindi, hungarian, iceland
ic, indonesian, interlingua, irish, italian, kannada, kurmanji, lao, latin, lat
vian, lithuanian, malayalam, marathi, mongolian, mongolianlmc, monogreek, ngerm
an, ngerman-x-2009-06-19, nynorsk, oriya, panjabi, pinyin, polish, portuguese, 
romanian, russian, sanskrit, serbian, slovak, slovenian, spanish, swedish, swis
sgerman, tamil, telugu, turkish, turkmen, ukenglish, ukrainian, uppersorbian, u
senglishmax, welsh, loaded.
(F:\Ehsan\Desktop\elsarticle\CCCG\cccg12.cls
Document Class: cccg12 
("C:\Program Files (x86)\MiKTeX 2.9\tex\latex\base\article.cls"
Document Class: article 2007/10/19 v1.4h Standard LaTeX document class
("C:\Program Files (x86)\MiKTeX 2.9\tex\latex\base\size10.clo"
File: size10.clo 2007/10/19 v1.4h Standard LaTeX file (size option)
)
\c@part=\count79
\c@section=\count80
\c@subsection=\count81
\c@subsubsection=\count82
\c@paragraph=\count83
\c@subparagraph=\count84
\c@figure=\count85
\c@table=\count86
\abovecaptionskip=\skip41
\belowcaptionskip=\skip42
\bibindent=\dimen102
)
("C:\Program Files (x86)\MiKTeX 2.9\tex\latex\fancyhdr\fancyhdr.sty"
\fancy@headwidth=\skip43
\f@ncyO@elh=\skip44
\f@ncyO@erh=\skip45
\f@ncyO@olh=\skip46
\f@ncyO@orh=\skip47
\f@ncyO@elf=\skip48
\f@ncyO@erf=\skip49
\f@ncyO@olf=\skip50
\f@ncyO@orf=\skip51
)
\c@theorem=\count87
\c@invar=\count88
\c@obs=\count89
\c@conj=\count90
)
("C:\Program Files (x86)\MiKTeX 2.9\tex\latex\graphics\graphicx.sty"
Package: graphicx 1999/02/16 v1.0f Enhanced LaTeX Graphics (DPC,SPQR)

("C:\Program Files (x86)\MiKTeX 2.9\tex\latex\graphics\keyval.sty"
Package: keyval 1999/03/16 v1.13 key=value parser (DPC)
\KV@toks@=\toks14
)
("C:\Program Files (x86)\MiKTeX 2.9\tex\latex\graphics\graphics.sty"
Package: graphics 2009/02/05 v1.0o Standard LaTeX Graphics (DPC,SPQR)

("C:\Program Files (x86)\MiKTeX 2.9\tex\latex\graphics\trig.sty"
Package: trig 1999/03/16 v1.09 sin cos tan (DPC)
)
("C:\Program Files (x86)\MiKTeX 2.9\tex\latex\00miktex\graphics.cfg"
File: graphics.cfg 2007/01/18 v1.5 graphics configuration of teTeX/TeXLive
)
Package graphics Info: Driver file: pdftex.def on input line 91.

("C:\Program Files (x86)\MiKTeX 2.9\tex\latex\pdftex-def\pdftex.def"
File: pdftex.def 2011/05/27 v0.06d Graphics/color for pdfTeX

("C:\Program Files (x86)\MiKTeX 2.9\tex\generic\oberdiek\infwarerr.sty"
Package: infwarerr 2010/04/08 v1.3 Providing info/warning/message (HO)
)
("C:\Program Files (x86)\MiKTeX 2.9\tex\generic\oberdiek\ltxcmds.sty"
Package: ltxcmds 2011/04/18 v1.20 LaTeX kernel commands for general use (HO)
)
\Gread@gobject=\count91
))
\Gin@req@height=\dimen103
\Gin@req@width=\dimen104
)
("C:\Program Files (x86)\MiKTeX 2.9\tex\latex\amsfonts\amssymb.sty"
Package: amssymb 2009/06/22 v3.00

("C:\Program Files (x86)\MiKTeX 2.9\tex\latex\amsfonts\amsfonts.sty"
Package: amsfonts 2009/06/22 v3.00 Basic AMSFonts support
\@emptytoks=\toks15
\symAMSa=\mathgroup4
\symAMSb=\mathgroup5
LaTeX Font Info:    Overwriting math alphabet `\mathfrak' in version `bold'
(Font)                  U/euf/m/n --> U/euf/b/n on input line 96.
))
("C:\Program Files (x86)\MiKTeX 2.9\tex\latex\ams\math\amsmath.sty"
Package: amsmath 2000/07/18 v2.13 AMS math features
\@mathmargin=\skip52

For additional information on amsmath, use the `?' option.
("C:\Program Files (x86)\MiKTeX 2.9\tex\latex\ams\math\amstext.sty"
Package: amstext 2000/06/29 v2.01

("C:\Program Files (x86)\MiKTeX 2.9\tex\latex\ams\math\amsgen.sty"
File: amsgen.sty 1999/11/30 v2.0
\@emptytoks=\toks16
\ex@=\dimen105
))
("C:\Program Files (x86)\MiKTeX 2.9\tex\latex\ams\math\amsbsy.sty"
Package: amsbsy 1999/11/29 v1.2d
\pmbraise@=\dimen106
)
("C:\Program Files (x86)\MiKTeX 2.9\tex\latex\ams\math\amsopn.sty"
Package: amsopn 1999/12/14 v2.01 operator names
)
\inf@bad=\count92
LaTeX Info: Redefining \frac on input line 211.
\uproot@=\count93
\leftroot@=\count94
LaTeX Info: Redefining \overline on input line 307.
\classnum@=\count95
\DOTSCASE@=\count96
LaTeX Info: Redefining \ldots on input line 379.
LaTeX Info: Redefining \dots on input line 382.
LaTeX Info: Redefining \cdots on input line 467.
\Mathstrutbox@=\box26
\strutbox@=\box27
\big@size=\dimen107
LaTeX Font Info:    Redeclaring font encoding OML on input line 567.
LaTeX Font Info:    Redeclaring font encoding OMS on input line 568.
\macc@depth=\count97
\c@MaxMatrixCols=\count98
\dotsspace@=\muskip10
\c@parentequation=\count99
\dspbrk@lvl=\count100
\tag@help=\toks17
\row@=\count101
\column@=\count102
\maxfields@=\count103
\andhelp@=\toks18
\eqnshift@=\dimen108
\alignsep@=\dimen109
\tagshift@=\dimen110
\tagwidth@=\dimen111
\totwidth@=\dimen112
\lineht@=\dimen113
\@envbody=\toks19
\multlinegap=\skip53
\multlinetaggap=\skip54
\mathdisplay@stack=\toks20
LaTeX Info: Redefining \[ on input line 2666.
LaTeX Info: Redefining \] on input line 2667.
)
(F:\Ehsan\Desktop\elsarticle\CCCG\FTP-CCCG.aux)
LaTeX Font Info:    Checking defaults for OML/cmm/m/it on input line 34.
LaTeX Font Info:    ... okay on input line 34.
LaTeX Font Info:    Checking defaults for T1/cmr/m/n on input line 34.
LaTeX Font Info:    ... okay on input line 34.
LaTeX Font Info:    Checking defaults for OT1/cmr/m/n on input line 34.
LaTeX Font Info:    ... okay on input line 34.
LaTeX Font Info:    Checking defaults for OMS/cmsy/m/n on input line 34.
LaTeX Font Info:    ... okay on input line 34.
LaTeX Font Info:    Checking defaults for OMX/cmex/m/n on input line 34.
LaTeX Font Info:    ... okay on input line 34.
LaTeX Font Info:    Checking defaults for U/cmr/m/n on input line 34.
LaTeX Font Info:    ... okay on input line 34.

("C:\Program Files (x86)\MiKTeX 2.9\tex\context\base\supp-pdf.mkii"
[Loading MPS to PDF converter (version 2006.09.02).]
\scratchcounter=\count104
\scratchdimen=\dimen114
\scratchbox=\box28
\nofMPsegments=\count105
\nofMParguments=\count106
\everyMPshowfont=\toks21
\MPscratchCnt=\count107
\MPscratchDim=\dimen115
\MPnumerator=\count108
\everyMPtoPDFconversion=\toks22
)
LaTeX Font Info:    Try loading font information for U+msa on input line 36.
 ("C:\Program Files (x86)\MiKTeX 2.9\tex\latex\amsfonts\umsa.fd"
File: umsa.fd 2009/06/22 v3.00 AMS symbols A
)
LaTeX Font Info:    Try loading font information for U+msb on input line 36.

("C:\Program Files (x86)\MiKTeX 2.9\tex\latex\amsfonts\umsb.fd"
File: umsb.fd 2009/06/22 v3.00 AMS symbols B
)
Underfull \hbox (badness 10000) in paragraph at lines 36--36
[][]\OT1/cmr/m/n/8 Computer En-gi-neer-ing and In-for-ma-tion Tech-nol-
 []


Underfull \hbox (badness 10000) in paragraph at lines 36--36
\OT1/cmr/m/n/8 ogy De-part-ment, Amirk-abir Uni-ver-sity of Tech-nol-ogy,
 []

<Figs/fig1.png, id=1, 397.485pt x 274.77657pt>
File: Figs/fig1.png Graphic file (type png)
 <use Figs/fig1.png>
Package pdftex.def Info: Figs/fig1.png used on input line 51.
(pdftex.def)             Requested size: 198.742pt x 137.38794pt.
Missing character: There is no ‚ in font cmr7!
Missing character: There is no Å in font cmr7!
Missing character: There is no ° in font cmr7!
Missing character: There is no √ in font cmr10!
Missing character: There is no ∂ in font cmr10!

Underfull \hbox (badness 4899) in paragraph at lines 60--67
\OT1/cmr/m/n/10 In sub-se-quent work on the FTP, Arkin, Ben-
 []


Underfull \hbox (badness 3417) in paragraph at lines 60--67
\OT1/cmr/m/n/10 an $[]$approximation al-go-rithm which runs in
 []

[1{C:/ProgramData/MiKTeX/2.9/pdftex/config/pdftex.map}


 <F:/Ehsan/Desktop/elsarticle/CCCG/Figs/fig1.png>] <Figs/fig2.png, id=16, 408.7
7719pt x 362.10281pt>
File: Figs/fig2.png Graphic file (type png)

<use Figs/fig2.png>
Package pdftex.def Info: Figs/fig2.png used on input line 84.
(pdftex.def)             Requested size: 204.38809pt x 181.05095pt.

Underfull \hbox (badness 1102) in paragraph at lines 90--97
\OT1/cmr/m/n/10 of the graph $\OML/cmm/m/it/10 G[]$ \OT1/cmr/m/n/10 for $[]$, i
s not greater than
 []

[2 <F:/Ehsan/Desktop/elsarticle/CCCG/Figs/fig2.png>]
Underfull \hbox (badness 1616) in paragraph at lines 97--101
\OT1/cmr/m/n/10 graph for $[]$, $[]$ is not greater than
 []


Underfull \hbox (badness 10000) in paragraph at lines 97--101

 []

<Figs/fig3.png, id=28, 409.53pt x 281.05pt>
File: Figs/fig3.png Graphic file (type png)
 <use Figs/fig3.png>
Package pdftex.def Info: Figs/fig3.png used on input line 116.
(pdftex.def)             Requested size: 204.7645pt x 140.52464pt.

Underfull \hbox (badness 1194) in paragraph at lines 123--129
\OT1/cmr/m/n/10 sides are par-al-lel to the axes. If $[]$
 []


Underfull \hbox (badness 1701) in paragraph at lines 123--129
\OT1/cmr/m/n/10 and $[]$ are the points with the low-
 []


Underfull \hbox (badness 4416) in paragraph at lines 123--129
\OT1/cmr/m/n/10 est and the high-est $\OML/cmm/m/it/10 x$ \OT1/cmr/m/n/10 val-u
es re-spec-tively, and
 []


Underfull \hbox (badness 1867) in paragraph at lines 123--129
\OT1/cmr/m/n/10 the low-est and the high-est $\OML/cmm/m/it/10 y$ \OT1/cmr/m/n/
10 val-ues re-spec-tively,
 []

<Figs/fig4.png, id=29, 280.79906pt x 252.945pt>
File: Figs/fig4.png Graphic file (type png)
 <use Figs/fig4.png>
Package pdftex.def Info: Figs/fig4.png used on input line 141.
(pdftex.def)             Requested size: 140.39919pt x 126.47218pt.


LaTeX Warning: `h' float specifier changed to `ht'.


Underfull \vbox (badness 10000) has occurred while \output is active []

 [3 <F:/Ehsan/Desktop/elsarticle/CCCG/Figs/fig3.png>]
<Figs/fig5.png, id=38, 217.5628pt x 249.18094pt>
File: Figs/fig5.png Graphic file (type png)
 <use Figs/fig5.png>
Package pdftex.def Info: Figs/fig5.png used on input line 159.
(pdftex.def)             Requested size: 108.78113pt x 124.59015pt.

Overfull \hbox (2.5112pt too wide) in paragraph at lines 185--185
[] 
 []

[4 <F:/Ehsan/Desktop/elsarticle/CCCG/Figs/fig4.png> <F:/Ehsan/Desktop/elsarticl
e/CCCG/Figs/fig5.png>] (F:\Ehsan\Desktop\elsarticle\CCCG\FTP-CCCG.bbl
Underfull \hbox (badness 10000) in paragraph at lines 33--36
[]\OT1/cmr/m/n/9 E. D. De-maine, J. S. B. Mitchell, and
 []


Underfull \hbox (badness 10000) in paragraph at lines 33--36
\OT1/cmr/m/n/9 J. O'Rourke.  The open prob-lems project.
 []

[5]) [6

] (F:\Ehsan\Desktop\elsarticle\CCCG\FTP-CCCG.aux) ) 
Here is how much of TeX's memory you used:
 2245 strings out of 494049
 27338 string characters out of 3146064
 95974 words of memory out of 3000000
 5514 multiletter control sequences out of 15000+200000
 13114 words of font info for 51 fonts, out of 3000000 for 9000
 715 hyphenation exceptions out of 8191
 29i,14n,45p,680b,325s stack positions out of 5000i,500n,10000p,200000b,50000s
<C:/Program Files (x86)/MiKT
eX 2.9/fonts/type1/public/amsfonts/cm/cmbx10.pfb><C:/Program Files (x86)/MiKTeX
 2.9/fonts/type1/public/amsfonts/cm/cmex10.pfb><C:/Program Files (x86)/MiKTeX 2
.9/fonts/type1/public/amsfonts/cmextra/cmex9.pfb><C:/Program Files (x86)/MiKTeX
 2.9/fonts/type1/public/amsfonts/cm/cmmi10.pfb><C:/Program Files (x86)/MiKTeX 2
.9/fonts/type1/public/amsfonts/cm/cmmi5.pfb><C:/Program Files (x86)/MiKTeX 2.9/
fonts/type1/public/amsfonts/cm/cmmi6.pfb><C:/Program Files (x86)/MiKTeX 2.9/fon
ts/type1/public/amsfonts/cm/cmmi7.pfb><C:/Program Files (x86)/MiKTeX 2.9/fonts/
type1/public/amsfonts/cm/cmmi9.pfb><C:/Program Files (x86)/MiKTeX 2.9/fonts/typ
e1/public/amsfonts/cm/cmr10.pfb><C:/Program Files (x86)/MiKTeX 2.9/fonts/type1/
public/amsfonts/cm/cmr5.pfb><C:/Program Files (x86)/MiKTeX 2.9/fonts/type1/publ
ic/amsfonts/cm/cmr6.pfb><C:/Program Files (x86)/MiKTeX 2.9/fonts/type1/public/a
msfonts/cm/cmr7.pfb><C:/Program Files (x86)/MiKTeX 2.9/fonts/type1/public/amsfo
nts/cm/cmr8.pfb><C:/Program Files (x86)/MiKTeX 2.9/fonts/type1/public/amsfonts/
cm/cmr9.pfb><C:/Program Files (x86)/MiKTeX 2.9/fonts/type1/public/amsfonts/cm/c
mss10.pfb><C:/Program Files (x86)/MiKTeX 2.9/fonts/type1/public/amsfonts/cm/cms
sbx10.pfb><C:/Program Files (x86)/MiKTeX 2.9/fonts/type1/public/amsfonts/cm/cms
y10.pfb><C:/Program Files (x86)/MiKTeX 2.9/fonts/type1/public/amsfonts/cm/cmsy6
.pfb><C:/Program Files (x86)/MiKTeX 2.9/fonts/type1/public/amsfonts/cm/cmsy7.pf
b><C:/Program Files (x86)/MiKTeX 2.9/fonts/type1/public/amsfonts/cm/cmsy9.pfb><
C:/Program Files (x86)/MiKTeX 2.9/fonts/type1/public/amsfonts/cm/cmti10.pfb><C:
/Program Files (x86)/MiKTeX 2.9/fonts/type1/public/amsfonts/cm/cmti9.pfb><C:/Pr
ogram Files (x86)/MiKTeX 2.9/fonts/type1/public/amsfonts/cm/cmtt8.pfb><C:/Progr
am Files (x86)/MiKTeX 2.9/fonts/type1/public/amsfonts/cm/cmtt9.pfb><C:/Program 
Files (x86)/MiKTeX 2.9/fonts/type1/public/amsfonts/symbols/msam10.pfb>
Output written on FTP-CCCG.pdf (6 pages, 409952 bytes).
PDF statistics:
 130 PDF objects out of 1000 (max. 8388607)
 0 named destinations out of 1000 (max. 500000)
 26 words of extra memory for PDF output out of 10000 (max. 10000000)

